2018-01-22 15:47:43,423 INFO o.a.j.u.JMeterUtils: Setting Locale to en_US
2018-01-22 15:47:43,436 INFO o.a.j.JMeter: Loading user properties from: /usr/local/Cellar/jmeter/3.3/libexec/bin/user.properties
2018-01-22 15:47:43,437 INFO o.a.j.JMeter: Loading system properties from: /usr/local/Cellar/jmeter/3.3/libexec/bin/system.properties
2018-01-22 15:47:43,444 INFO o.a.j.JMeter: Copyright (c) 1998-2017 The Apache Software Foundation
2018-01-22 15:47:43,444 INFO o.a.j.JMeter: Version 3.3 r1808647
2018-01-22 15:47:43,444 INFO o.a.j.JMeter: java.version=1.8.0_121
2018-01-22 15:47:43,444 INFO o.a.j.JMeter: java.vm.name=Java HotSpot(TM) 64-Bit Server VM
2018-01-22 15:47:43,444 INFO o.a.j.JMeter: os.name=Mac OS X
2018-01-22 15:47:43,444 INFO o.a.j.JMeter: os.arch=x86_64
2018-01-22 15:47:43,444 INFO o.a.j.JMeter: os.version=10.11.6
2018-01-22 15:47:43,444 INFO o.a.j.JMeter: file.encoding=UTF-8
2018-01-22 15:47:43,444 INFO o.a.j.JMeter: Max memory     =536870912
2018-01-22 15:47:43,444 INFO o.a.j.JMeter: Available Processors =4
2018-01-22 15:47:43,448 INFO o.a.j.JMeter: Default Locale=English (United States)
2018-01-22 15:47:43,449 INFO o.a.j.JMeter: JMeter  Locale=English (United States)
2018-01-22 15:47:43,449 INFO o.a.j.JMeter: JMeterHome=/usr/local/Cellar/jmeter/3.3/libexec
2018-01-22 15:47:43,449 INFO o.a.j.JMeter: user.dir  =/Users/mjchave/python180119/bank
2018-01-22 15:47:43,449 INFO o.a.j.JMeter: PWD       =/Users/mjchave/python180119/bank
2018-01-22 15:47:43,451 INFO o.a.j.JMeter: IP: 192.168.107.244 Name: Matthews-MacBook-Pro-2.local FullName: 192.168.107.244
2018-01-22 15:47:44,967 INFO o.a.j.g.a.LookAndFeelCommand: Using look and feel: com.apple.laf.AquaLookAndFeel [Mac OS X, System]
2018-01-22 15:47:44,980 INFO o.a.j.JMeter: Loaded icon properties from org/apache/jmeter/images/icon.properties
2018-01-22 15:47:46,019 INFO o.a.j.e.u.CompoundVariable: Note: Function class names must contain the string: '.functions.'
2018-01-22 15:47:46,019 INFO o.a.j.e.u.CompoundVariable: Note: Function class names must not contain the string: '.gui.'
2018-01-22 15:47:47,532 INFO o.a.j.JMeter: Loading file: /Users/mjchave/python180119/bank/test/jmeter/View Results Tree.jmx
2018-01-22 15:47:47,536 INFO o.a.j.s.FileServer: Default base='/Users/mjchave/python180119/bank'
2018-01-22 15:47:47,537 INFO o.a.j.s.FileServer: Set new base='/Users/mjchave/python180119/bank/test/jmeter'
2018-01-22 15:47:47,731 INFO o.a.j.s.SaveService: Testplan (JMX) version: 2.2. Testlog (JTL) version: 2.2
2018-01-22 15:47:47,737 INFO o.a.j.s.SaveService: Using SaveService properties file encoding UTF-8
2018-01-22 15:47:47,739 INFO o.a.j.s.SaveService: Using SaveService properties version 3.2
2018-01-22 15:47:47,743 INFO o.a.j.s.SaveService: Loading file: /Users/mjchave/python180119/bank/test/jmeter/View Results Tree.jmx
2018-01-22 15:47:47,867 INFO o.a.j.p.h.s.HTTPSamplerBase: Parser for text/html is org.apache.jmeter.protocol.http.parser.LagartoBasedHtmlParser
2018-01-22 15:47:47,867 INFO o.a.j.p.h.s.HTTPSamplerBase: Parser for application/xhtml+xml is org.apache.jmeter.protocol.http.parser.LagartoBasedHtmlParser
2018-01-22 15:47:47,868 INFO o.a.j.p.h.s.HTTPSamplerBase: Parser for application/xml is org.apache.jmeter.protocol.http.parser.LagartoBasedHtmlParser
2018-01-22 15:47:47,868 INFO o.a.j.p.h.s.HTTPSamplerBase: Parser for text/xml is org.apache.jmeter.protocol.http.parser.LagartoBasedHtmlParser
2018-01-22 15:47:47,868 INFO o.a.j.p.h.s.HTTPSamplerBase: Parser for text/vnd.wap.wml is org.apache.jmeter.protocol.http.parser.RegexpHTMLParser
2018-01-22 15:47:47,868 INFO o.a.j.p.h.s.HTTPSamplerBase: Parser for text/css is org.apache.jmeter.protocol.http.parser.CssParser
2018-01-22 15:47:47,914 INFO o.a.j.s.FileServer: Set new base='/Users/mjchave/python180119/bank/test/jmeter'
2018-01-22 15:47:48,031 INFO o.a.j.s.SampleResult: Note: Sample TimeStamps are START times
2018-01-22 15:47:48,031 INFO o.a.j.s.SampleResult: sampleresult.default.encoding is set to ISO-8859-1
2018-01-22 15:47:48,032 INFO o.a.j.s.SampleResult: sampleresult.useNanoTime=true
2018-01-22 15:47:48,032 INFO o.a.j.s.SampleResult: sampleresult.nanoThreadSleep=5000
2018-01-22 15:47:48,907 INFO o.a.j.g.u.MenuFactory: Skipping org.apache.jmeter.assertions.BSFAssertion
2018-01-22 15:47:49,084 INFO o.a.j.g.u.MenuFactory: Skipping org.apache.jmeter.extractor.BSFPostProcessor
2018-01-22 15:47:49,129 INFO o.a.j.g.u.MenuFactory: Skipping org.apache.jmeter.modifiers.BSFPreProcessor
2018-01-22 15:47:49,542 INFO o.a.j.e.KeyToolUtils: keytool found at 'keytool'
2018-01-22 15:47:49,542 INFO o.a.j.p.h.p.ProxyControl: HTTP(S) Test Script Recorder SSL Proxy will use keys that support embedded 3rd party resources in file /usr/local/Cellar/jmeter/3.3/libexec/bin/proxyserver.jks
2018-01-22 15:47:49,743 INFO o.a.j.g.u.MenuFactory: Skipping org.apache.jmeter.protocol.java.sampler.BSFSampler
2018-01-22 15:47:49,900 INFO o.j.r.PluginManager: Plugins Status: [jpgc-graphs-basic=2.0, jpgc-graphs-additional=2.0, jpgc-graphs-composite=2.0, jpgc-functions=2.0, jpgc-casutg=2.5, jpgc-dummy=0.2, jpgc-ffw=2.0, jpgc-httpraw=0.1, jpgc-fifo=0.2, jpgc-perfmon=2.1, jpgc-plugins-manager=0.19, jpgc-webdriver=2.3, jpgc-plancheck=2.2, jpgc-tst=2.1, jmeter-core=3.3, jmeter-ftp=3.3, jmeter-http=3.3, jmeter-jdbc=3.3, jmeter-jms=3.3, jmeter-junit=3.3, jmeter-java=3.3, jmeter-ldap=3.3, jmeter-mail=3.3, jmeter-mongodb=3.3, jmeter-native=3.3, jmeter-tcp=3.3, jmeter-components=3.3, jpgc-standard=2.0]
2018-01-22 15:47:49,949 INFO o.a.j.g.u.MenuFactory: Skipping org.apache.jmeter.protocol.mongodb.config.MongoSourceElement
2018-01-22 15:47:49,949 INFO o.a.j.g.u.MenuFactory: Skipping org.apache.jmeter.protocol.mongodb.sampler.MongoScriptSampler
2018-01-22 15:47:50,075 INFO o.a.j.g.u.MenuFactory: Skipping org.apache.jmeter.timers.BSFTimer
2018-01-22 15:47:50,107 INFO o.a.j.g.u.MenuFactory: Skipping org.apache.jmeter.visualizers.BSFListener
2018-01-22 15:50:36,668 INFO o.a.j.e.StandardJMeterEngine: Running the test!
2018-01-22 15:50:36,671 INFO o.a.j.s.SampleEvent: List of sample_variables: []
2018-01-22 15:50:36,672 INFO o.a.j.s.SampleEvent: List of sample_variables: []
2018-01-22 15:50:36,685 INFO o.a.j.g.u.JMeterMenuBar: setRunning(true, *local*)
2018-01-22 15:50:37,140 INFO o.a.j.e.StandardJMeterEngine: Starting ThreadGroup: 1 : Thread Group
2018-01-22 15:50:37,141 INFO o.a.j.e.StandardJMeterEngine: Starting 20 threads for group Thread Group.
2018-01-22 15:50:37,142 INFO o.a.j.e.StandardJMeterEngine: Thread will continue on error
2018-01-22 15:50:37,142 INFO o.a.j.t.ThreadGroup: Starting thread group... number=1 threads=20 ramp-up=1 perThread=50.0 delayedStart=false
2018-01-22 15:50:37,163 INFO o.a.j.t.ThreadGroup: Started thread group number 1
2018-01-22 15:50:37,163 INFO o.a.j.e.StandardJMeterEngine: All thread groups have been started
2018-01-22 15:50:37,165 INFO o.a.j.t.JMeterThread: Thread started: Thread Group 1-1
2018-01-22 15:50:37,178 WARN k.a.j.t.VariableThroughputTimer: No free threads left in worker pool, made  0/5.0 samples
2018-01-22 15:50:37,196 INFO o.a.j.p.h.s.HTTPHCAbstractImpl: Local host = Matthews-MacBook-Pro-2.local
2018-01-22 15:50:37,206 INFO o.a.j.p.h.s.HTTPHC4Impl: HTTP request retry count = 0
2018-01-22 15:50:37,216 INFO o.a.j.t.JMeterThread: Thread started: Thread Group 1-2
2018-01-22 15:50:37,270 INFO o.a.j.t.JMeterThread: Thread started: Thread Group 1-3
2018-01-22 15:50:37,321 INFO o.a.j.t.JMeterThread: Thread started: Thread Group 1-4
2018-01-22 15:50:37,371 INFO o.a.j.t.JMeterThread: Thread started: Thread Group 1-5
2018-01-22 15:50:37,419 INFO o.a.j.t.JMeterThread: Thread started: Thread Group 1-6
2018-01-22 15:50:37,470 INFO o.a.j.t.JMeterThread: Thread started: Thread Group 1-7
2018-01-22 15:50:37,521 INFO o.a.j.t.JMeterThread: Thread started: Thread Group 1-8
2018-01-22 15:50:37,569 INFO o.a.j.t.JMeterThread: Thread started: Thread Group 1-9
2018-01-22 15:50:37,622 INFO o.a.j.t.JMeterThread: Thread started: Thread Group 1-10
2018-01-22 15:50:37,672 INFO o.a.j.t.JMeterThread: Thread started: Thread Group 1-11
2018-01-22 15:50:37,723 INFO o.a.j.t.JMeterThread: Thread started: Thread Group 1-12
2018-01-22 15:50:37,770 INFO o.a.j.t.JMeterThread: Thread started: Thread Group 1-13
2018-01-22 15:50:37,823 INFO o.a.j.t.JMeterThread: Thread started: Thread Group 1-14
2018-01-22 15:50:37,869 INFO o.a.j.t.JMeterThread: Thread started: Thread Group 1-15
2018-01-22 15:50:37,921 INFO o.a.j.t.JMeterThread: Thread started: Thread Group 1-16
2018-01-22 15:50:37,969 INFO o.a.j.t.JMeterThread: Thread started: Thread Group 1-17
2018-01-22 15:50:38,020 INFO o.a.j.t.JMeterThread: Thread started: Thread Group 1-18
2018-01-22 15:50:38,071 INFO o.a.j.t.JMeterThread: Thread started: Thread Group 1-19
2018-01-22 15:50:38,125 INFO o.a.j.t.JMeterThread: Thread started: Thread Group 1-20
2018-01-22 15:51:56,768 INFO o.a.j.g.a.Start: Stopping test
2018-01-22 15:51:56,786 INFO o.a.j.t.JMeterThread: Stopping: Thread Group 1-3
2018-01-22 15:51:56,787 INFO o.a.j.t.JMeterThread: Stopping: Thread Group 1-1
2018-01-22 15:51:56,787 INFO o.a.j.t.JMeterThread: Stopping: Thread Group 1-18
2018-01-22 15:51:56,787 INFO o.a.j.t.JMeterThread: Stopping: Thread Group 1-19
2018-01-22 15:51:56,787 INFO o.a.j.t.JMeterThread: Stopping: Thread Group 1-9
2018-01-22 15:51:56,788 INFO o.a.j.t.JMeterThread: Stopping: Thread Group 1-2
2018-01-22 15:51:56,788 INFO o.a.j.t.JMeterThread: Stopping: Thread Group 1-12
2018-01-22 15:51:56,788 INFO o.a.j.t.JMeterThread: Stopping: Thread Group 1-6
2018-01-22 15:51:56,788 INFO o.a.j.t.JMeterThread: Stopping: Thread Group 1-5
2018-01-22 15:51:56,788 INFO o.a.j.t.JMeterThread: Stopping: Thread Group 1-11
2018-01-22 15:51:56,788 INFO o.a.j.t.JMeterThread: Stopping: Thread Group 1-17
2018-01-22 15:51:56,788 INFO o.a.j.t.JMeterThread: Stopping: Thread Group 1-20
2018-01-22 15:51:56,788 INFO o.a.j.t.JMeterThread: Stopping: Thread Group 1-8
2018-01-22 15:51:56,788 INFO o.a.j.t.JMeterThread: Stopping: Thread Group 1-7
2018-01-22 15:51:56,788 INFO o.a.j.t.JMeterThread: Stopping: Thread Group 1-10
2018-01-22 15:51:56,789 INFO o.a.j.t.JMeterThread: Stopping: Thread Group 1-14
2018-01-22 15:51:56,789 INFO o.a.j.t.JMeterThread: Stopping: Thread Group 1-16
2018-01-22 15:51:56,789 INFO o.a.j.t.JMeterThread: Stopping: Thread Group 1-15
2018-01-22 15:51:56,789 INFO o.a.j.t.JMeterThread: Stopping: Thread Group 1-4
2018-01-22 15:51:56,789 INFO o.a.j.t.JMeterThread: Stopping: Thread Group 1-13
2018-01-22 15:51:56,787 ERROR k.a.j.t.VariableThroughputTimer: Waiting thread was interrupted
java.lang.InterruptedException: null
	at java.lang.Object.wait(Native Method) ~[?:1.8.0_121]
	at kg.apc.jmeter.timers.VariableThroughputTimer.delay(VariableThroughputTimer.java:78) [jmeter-plugins-tst-2.1.jar:?]
	at org.apache.jmeter.threads.JMeterThread.delay(JMeterThread.java:851) [ApacheJMeter_core.jar:3.3 r1808647]
	at org.apache.jmeter.threads.JMeterThread.executeSamplePackage(JMeterThread.java:480) [ApacheJMeter_core.jar:3.3 r1808647]
	at org.apache.jmeter.threads.JMeterThread.processSampler(JMeterThread.java:424) [ApacheJMeter_core.jar:3.3 r1808647]
	at org.apache.jmeter.threads.JMeterThread.run(JMeterThread.java:255) [ApacheJMeter_core.jar:3.3 r1808647]
	at java.lang.Thread.run(Thread.java:745) [?:1.8.0_121]
2018-01-22 15:51:56,793 INFO o.a.j.t.JMeterThread: Thread finished: Thread Group 1-3
2018-01-22 15:51:56,793 ERROR k.a.j.t.VariableThroughputTimer: Waiting thread was interrupted
java.lang.InterruptedException: null
	at java.lang.Object.wait(Native Method) ~[?:1.8.0_121]
	at kg.apc.jmeter.timers.VariableThroughputTimer.delay(VariableThroughputTimer.java:78) [jmeter-plugins-tst-2.1.jar:?]
	at org.apache.jmeter.threads.JMeterThread.delay(JMeterThread.java:851) [ApacheJMeter_core.jar:3.3 r1808647]
	at org.apache.jmeter.threads.JMeterThread.executeSamplePackage(JMeterThread.java:480) [ApacheJMeter_core.jar:3.3 r1808647]
	at org.apache.jmeter.threads.JMeterThread.processSampler(JMeterThread.java:424) [ApacheJMeter_core.jar:3.3 r1808647]
	at org.apache.jmeter.threads.JMeterThread.run(JMeterThread.java:255) [ApacheJMeter_core.jar:3.3 r1808647]
	at java.lang.Thread.run(Thread.java:745) [?:1.8.0_121]
2018-01-22 15:51:56,793 INFO o.a.j.t.JMeterThread: Thread finished: Thread Group 1-13
2018-01-22 15:51:56,794 ERROR k.a.j.t.VariableThroughputTimer: Waiting thread was interrupted
java.lang.InterruptedException: null
	at java.lang.Object.wait(Native Method) ~[?:1.8.0_121]
	at kg.apc.jmeter.timers.VariableThroughputTimer.delay(VariableThroughputTimer.java:78) [jmeter-plugins-tst-2.1.jar:?]
	at org.apache.jmeter.threads.JMeterThread.delay(JMeterThread.java:851) [ApacheJMeter_core.jar:3.3 r1808647]
	at org.apache.jmeter.threads.JMeterThread.executeSamplePackage(JMeterThread.java:480) [ApacheJMeter_core.jar:3.3 r1808647]
	at org.apache.jmeter.threads.JMeterThread.processSampler(JMeterThread.java:424) [ApacheJMeter_core.jar:3.3 r1808647]
	at org.apache.jmeter.threads.JMeterThread.run(JMeterThread.java:255) [ApacheJMeter_core.jar:3.3 r1808647]
	at java.lang.Thread.run(Thread.java:745) [?:1.8.0_121]
2018-01-22 15:51:56,795 INFO o.a.j.t.JMeterThread: Thread finished: Thread Group 1-4
2018-01-22 15:51:56,795 ERROR k.a.j.t.VariableThroughputTimer: Waiting thread was interrupted
java.lang.InterruptedException: null
	at java.lang.Object.wait(Native Method) ~[?:1.8.0_121]
	at kg.apc.jmeter.timers.VariableThroughputTimer.delay(VariableThroughputTimer.java:78) [jmeter-plugins-tst-2.1.jar:?]
	at org.apache.jmeter.threads.JMeterThread.delay(JMeterThread.java:851) [ApacheJMeter_core.jar:3.3 r1808647]
	at org.apache.jmeter.threads.JMeterThread.executeSamplePackage(JMeterThread.java:480) [ApacheJMeter_core.jar:3.3 r1808647]
	at org.apache.jmeter.threads.JMeterThread.processSampler(JMeterThread.java:424) [ApacheJMeter_core.jar:3.3 r1808647]
	at org.apache.jmeter.threads.JMeterThread.run(JMeterThread.java:255) [ApacheJMeter_core.jar:3.3 r1808647]
	at java.lang.Thread.run(Thread.java:745) [?:1.8.0_121]
2018-01-22 15:51:56,796 INFO o.a.j.t.JMeterThread: Thread finished: Thread Group 1-15
2018-01-22 15:51:56,796 ERROR k.a.j.t.VariableThroughputTimer: Waiting thread was interrupted
java.lang.InterruptedException: null
	at java.lang.Object.wait(Native Method) ~[?:1.8.0_121]
	at kg.apc.jmeter.timers.VariableThroughputTimer.delay(VariableThroughputTimer.java:78) [jmeter-plugins-tst-2.1.jar:?]
	at org.apache.jmeter.threads.JMeterThread.delay(JMeterThread.java:851) [ApacheJMeter_core.jar:3.3 r1808647]
	at org.apache.jmeter.threads.JMeterThread.executeSamplePackage(JMeterThread.java:480) [ApacheJMeter_core.jar:3.3 r1808647]
	at org.apache.jmeter.threads.JMeterThread.processSampler(JMeterThread.java:424) [ApacheJMeter_core.jar:3.3 r1808647]
	at org.apache.jmeter.threads.JMeterThread.run(JMeterThread.java:255) [ApacheJMeter_core.jar:3.3 r1808647]
	at java.lang.Thread.run(Thread.java:745) [?:1.8.0_121]
2018-01-22 15:51:56,797 ERROR k.a.j.t.VariableThroughputTimer: Waiting thread was interrupted
java.lang.InterruptedException: null
	at java.lang.Object.wait(Native Method) ~[?:1.8.0_121]
	at kg.apc.jmeter.timers.VariableThroughputTimer.delay(VariableThroughputTimer.java:78) [jmeter-plugins-tst-2.1.jar:?]
	at org.apache.jmeter.threads.JMeterThread.delay(JMeterThread.java:851) [ApacheJMeter_core.jar:3.3 r1808647]
	at org.apache.jmeter.threads.JMeterThread.executeSamplePackage(JMeterThread.java:480) [ApacheJMeter_core.jar:3.3 r1808647]
	at org.apache.jmeter.threads.JMeterThread.processSampler(JMeterThread.java:424) [ApacheJMeter_core.jar:3.3 r1808647]
	at org.apache.jmeter.threads.JMeterThread.run(JMeterThread.java:255) [ApacheJMeter_core.jar:3.3 r1808647]
	at java.lang.Thread.run(Thread.java:745) [?:1.8.0_121]
2018-01-22 15:51:56,797 ERROR k.a.j.t.VariableThroughputTimer: Waiting thread was interrupted
java.lang.InterruptedException: null
	at java.lang.Object.wait(Native Method) ~[?:1.8.0_121]
	at kg.apc.jmeter.timers.VariableThroughputTimer.delay(VariableThroughputTimer.java:78) [jmeter-plugins-tst-2.1.jar:?]
	at org.apache.jmeter.threads.JMeterThread.delay(JMeterThread.java:851) [ApacheJMeter_core.jar:3.3 r1808647]
	at org.apache.jmeter.threads.JMeterThread.executeSamplePackage(JMeterThread.java:480) [ApacheJMeter_core.jar:3.3 r1808647]
	at org.apache.jmeter.threads.JMeterThread.processSampler(JMeterThread.java:424) [ApacheJMeter_core.jar:3.3 r1808647]
	at org.apache.jmeter.threads.JMeterThread.run(JMeterThread.java:255) [ApacheJMeter_core.jar:3.3 r1808647]
	at java.lang.Thread.run(Thread.java:745) [?:1.8.0_121]
2018-01-22 15:51:56,797 ERROR k.a.j.t.VariableThroughputTimer: Waiting thread was interrupted
java.lang.InterruptedException: null
	at java.lang.Object.wait(Native Method) ~[?:1.8.0_121]
	at kg.apc.jmeter.timers.VariableThroughputTimer.delay(VariableThroughputTimer.java:78) [jmeter-plugins-tst-2.1.jar:?]
	at org.apache.jmeter.threads.JMeterThread.delay(JMeterThread.java:851) [ApacheJMeter_core.jar:3.3 r1808647]
	at org.apache.jmeter.threads.JMeterThread.executeSamplePackage(JMeterThread.java:480) [ApacheJMeter_core.jar:3.3 r1808647]
	at org.apache.jmeter.threads.JMeterThread.processSampler(JMeterThread.java:424) [ApacheJMeter_core.jar:3.3 r1808647]
	at org.apache.jmeter.threads.JMeterThread.run(JMeterThread.java:255) [ApacheJMeter_core.jar:3.3 r1808647]
	at java.lang.Thread.run(Thread.java:745) [?:1.8.0_121]
2018-01-22 15:51:56,797 ERROR k.a.j.t.VariableThroughputTimer: Waiting thread was interrupted
java.lang.InterruptedException: null
	at java.lang.Object.wait(Native Method) ~[?:1.8.0_121]
	at kg.apc.jmeter.timers.VariableThroughputTimer.delay(VariableThroughputTimer.java:78) [jmeter-plugins-tst-2.1.jar:?]
	at org.apache.jmeter.threads.JMeterThread.delay(JMeterThread.java:851) [ApacheJMeter_core.jar:3.3 r1808647]
	at org.apache.jmeter.threads.JMeterThread.executeSamplePackage(JMeterThread.java:480) [ApacheJMeter_core.jar:3.3 r1808647]
	at org.apache.jmeter.threads.JMeterThread.processSampler(JMeterThread.java:424) [ApacheJMeter_core.jar:3.3 r1808647]
	at org.apache.jmeter.threads.JMeterThread.run(JMeterThread.java:255) [ApacheJMeter_core.jar:3.3 r1808647]
	at java.lang.Thread.run(Thread.java:745) [?:1.8.0_121]
2018-01-22 15:51:56,798 ERROR k.a.j.t.VariableThroughputTimer: Waiting thread was interrupted
java.lang.InterruptedException: null
	at java.lang.Object.wait(Native Method) ~[?:1.8.0_121]
	at kg.apc.jmeter.timers.VariableThroughputTimer.delay(VariableThroughputTimer.java:78) [jmeter-plugins-tst-2.1.jar:?]
	at org.apache.jmeter.threads.JMeterThread.delay(JMeterThread.java:851) [ApacheJMeter_core.jar:3.3 r1808647]
	at org.apache.jmeter.threads.JMeterThread.executeSamplePackage(JMeterThread.java:480) [ApacheJMeter_core.jar:3.3 r1808647]
	at org.apache.jmeter.threads.JMeterThread.processSampler(JMeterThread.java:424) [ApacheJMeter_core.jar:3.3 r1808647]
	at org.apache.jmeter.threads.JMeterThread.run(JMeterThread.java:255) [ApacheJMeter_core.jar:3.3 r1808647]
	at java.lang.Thread.run(Thread.java:745) [?:1.8.0_121]
2018-01-22 15:51:56,798 ERROR k.a.j.t.VariableThroughputTimer: Waiting thread was interrupted
java.lang.InterruptedException: null
	at java.lang.Object.wait(Native Method) ~[?:1.8.0_121]
	at kg.apc.jmeter.timers.VariableThroughputTimer.delay(VariableThroughputTimer.java:78) [jmeter-plugins-tst-2.1.jar:?]
	at org.apache.jmeter.threads.JMeterThread.delay(JMeterThread.java:851) [ApacheJMeter_core.jar:3.3 r1808647]
	at org.apache.jmeter.threads.JMeterThread.executeSamplePackage(JMeterThread.java:480) [ApacheJMeter_core.jar:3.3 r1808647]
	at org.apache.jmeter.threads.JMeterThread.processSampler(JMeterThread.java:424) [ApacheJMeter_core.jar:3.3 r1808647]
	at org.apache.jmeter.threads.JMeterThread.run(JMeterThread.java:255) [ApacheJMeter_core.jar:3.3 r1808647]
	at java.lang.Thread.run(Thread.java:745) [?:1.8.0_121]
2018-01-22 15:51:56,798 ERROR k.a.j.t.VariableThroughputTimer: Waiting thread was interrupted
java.lang.InterruptedException: null
	at java.lang.Object.wait(Native Method) ~[?:1.8.0_121]
	at kg.apc.jmeter.timers.VariableThroughputTimer.delay(VariableThroughputTimer.java:78) [jmeter-plugins-tst-2.1.jar:?]
	at org.apache.jmeter.threads.JMeterThread.delay(JMeterThread.java:851) [ApacheJMeter_core.jar:3.3 r1808647]
	at org.apache.jmeter.threads.JMeterThread.executeSamplePackage(JMeterThread.java:480) [ApacheJMeter_core.jar:3.3 r1808647]
	at org.apache.jmeter.threads.JMeterThread.processSampler(JMeterThread.java:424) [ApacheJMeter_core.jar:3.3 r1808647]
	at org.apache.jmeter.threads.JMeterThread.run(JMeterThread.java:255) [ApacheJMeter_core.jar:3.3 r1808647]
	at java.lang.Thread.run(Thread.java:745) [?:1.8.0_121]
2018-01-22 15:51:56,799 ERROR k.a.j.t.VariableThroughputTimer: Waiting thread was interrupted
java.lang.InterruptedException: null
	at java.lang.Object.wait(Native Method) ~[?:1.8.0_121]
	at kg.apc.jmeter.timers.VariableThroughputTimer.delay(VariableThroughputTimer.java:78) [jmeter-plugins-tst-2.1.jar:?]
	at org.apache.jmeter.threads.JMeterThread.delay(JMeterThread.java:851) [ApacheJMeter_core.jar:3.3 r1808647]
	at org.apache.jmeter.threads.JMeterThread.executeSamplePackage(JMeterThread.java:480) [ApacheJMeter_core.jar:3.3 r1808647]
	at org.apache.jmeter.threads.JMeterThread.processSampler(JMeterThread.java:424) [ApacheJMeter_core.jar:3.3 r1808647]
	at org.apache.jmeter.threads.JMeterThread.run(JMeterThread.java:255) [ApacheJMeter_core.jar:3.3 r1808647]
	at java.lang.Thread.run(Thread.java:745) [?:1.8.0_121]
2018-01-22 15:51:56,799 ERROR k.a.j.t.VariableThroughputTimer: Waiting thread was interrupted
java.lang.InterruptedException: null
	at java.lang.Object.wait(Native Method) ~[?:1.8.0_121]
	at kg.apc.jmeter.timers.VariableThroughputTimer.delay(VariableThroughputTimer.java:78) [jmeter-plugins-tst-2.1.jar:?]
	at org.apache.jmeter.threads.JMeterThread.delay(JMeterThread.java:851) [ApacheJMeter_core.jar:3.3 r1808647]
	at org.apache.jmeter.threads.JMeterThread.executeSamplePackage(JMeterThread.java:480) [ApacheJMeter_core.jar:3.3 r1808647]
	at org.apache.jmeter.threads.JMeterThread.processSampler(JMeterThread.java:424) [ApacheJMeter_core.jar:3.3 r1808647]
	at org.apache.jmeter.threads.JMeterThread.run(JMeterThread.java:255) [ApacheJMeter_core.jar:3.3 r1808647]
	at java.lang.Thread.run(Thread.java:745) [?:1.8.0_121]
2018-01-22 15:51:56,799 ERROR k.a.j.t.VariableThroughputTimer: Waiting thread was interrupted
java.lang.InterruptedException: null
	at java.lang.Object.wait(Native Method) ~[?:1.8.0_121]
	at kg.apc.jmeter.timers.VariableThroughputTimer.delay(VariableThroughputTimer.java:78) [jmeter-plugins-tst-2.1.jar:?]
	at org.apache.jmeter.threads.JMeterThread.delay(JMeterThread.java:851) [ApacheJMeter_core.jar:3.3 r1808647]
	at org.apache.jmeter.threads.JMeterThread.executeSamplePackage(JMeterThread.java:480) [ApacheJMeter_core.jar:3.3 r1808647]
	at org.apache.jmeter.threads.JMeterThread.processSampler(JMeterThread.java:424) [ApacheJMeter_core.jar:3.3 r1808647]
	at org.apache.jmeter.threads.JMeterThread.run(JMeterThread.java:255) [ApacheJMeter_core.jar:3.3 r1808647]
	at java.lang.Thread.run(Thread.java:745) [?:1.8.0_121]
2018-01-22 15:51:56,800 ERROR k.a.j.t.VariableThroughputTimer: Waiting thread was interrupted
java.lang.InterruptedException: null
	at java.lang.Object.wait(Native Method) ~[?:1.8.0_121]
	at kg.apc.jmeter.timers.VariableThroughputTimer.delay(VariableThroughputTimer.java:78) [jmeter-plugins-tst-2.1.jar:?]
	at org.apache.jmeter.threads.JMeterThread.delay(JMeterThread.java:851) [ApacheJMeter_core.jar:3.3 r1808647]
	at org.apache.jmeter.threads.JMeterThread.executeSamplePackage(JMeterThread.java:480) [ApacheJMeter_core.jar:3.3 r1808647]
	at org.apache.jmeter.threads.JMeterThread.processSampler(JMeterThread.java:424) [ApacheJMeter_core.jar:3.3 r1808647]
	at org.apache.jmeter.threads.JMeterThread.run(JMeterThread.java:255) [ApacheJMeter_core.jar:3.3 r1808647]
	at java.lang.Thread.run(Thread.java:745) [?:1.8.0_121]
2018-01-22 15:51:56,800 ERROR k.a.j.t.VariableThroughputTimer: Waiting thread was interrupted
java.lang.InterruptedException: null
	at java.lang.Object.wait(Native Method) ~[?:1.8.0_121]
	at kg.apc.jmeter.timers.VariableThroughputTimer.delay(VariableThroughputTimer.java:78) [jmeter-plugins-tst-2.1.jar:?]
	at org.apache.jmeter.threads.JMeterThread.delay(JMeterThread.java:851) [ApacheJMeter_core.jar:3.3 r1808647]
	at org.apache.jmeter.threads.JMeterThread.executeSamplePackage(JMeterThread.java:480) [ApacheJMeter_core.jar:3.3 r1808647]
	at org.apache.jmeter.threads.JMeterThread.processSampler(JMeterThread.java:424) [ApacheJMeter_core.jar:3.3 r1808647]
	at org.apache.jmeter.threads.JMeterThread.run(JMeterThread.java:255) [ApacheJMeter_core.jar:3.3 r1808647]
	at java.lang.Thread.run(Thread.java:745) [?:1.8.0_121]
2018-01-22 15:51:56,801 ERROR k.a.j.t.VariableThroughputTimer: Waiting thread was interrupted
java.lang.InterruptedException: null
	at java.lang.Object.wait(Native Method) ~[?:1.8.0_121]
	at kg.apc.jmeter.timers.VariableThroughputTimer.delay(VariableThroughputTimer.java:78) [jmeter-plugins-tst-2.1.jar:?]
	at org.apache.jmeter.threads.JMeterThread.delay(JMeterThread.java:851) [ApacheJMeter_core.jar:3.3 r1808647]
	at org.apache.jmeter.threads.JMeterThread.executeSamplePackage(JMeterThread.java:480) [ApacheJMeter_core.jar:3.3 r1808647]
	at org.apache.jmeter.threads.JMeterThread.processSampler(JMeterThread.java:424) [ApacheJMeter_core.jar:3.3 r1808647]
	at org.apache.jmeter.threads.JMeterThread.run(JMeterThread.java:255) [ApacheJMeter_core.jar:3.3 r1808647]
	at java.lang.Thread.run(Thread.java:745) [?:1.8.0_121]
2018-01-22 15:51:56,801 ERROR k.a.j.t.VariableThroughputTimer: Waiting thread was interrupted
java.lang.InterruptedException: null
	at java.lang.Object.wait(Native Method) ~[?:1.8.0_121]
	at kg.apc.jmeter.timers.VariableThroughputTimer.delay(VariableThroughputTimer.java:78) [jmeter-plugins-tst-2.1.jar:?]
	at org.apache.jmeter.threads.JMeterThread.delay(JMeterThread.java:851) [ApacheJMeter_core.jar:3.3 r1808647]
	at org.apache.jmeter.threads.JMeterThread.executeSamplePackage(JMeterThread.java:480) [ApacheJMeter_core.jar:3.3 r1808647]
	at org.apache.jmeter.threads.JMeterThread.processSampler(JMeterThread.java:424) [ApacheJMeter_core.jar:3.3 r1808647]
	at org.apache.jmeter.threads.JMeterThread.run(JMeterThread.java:255) [ApacheJMeter_core.jar:3.3 r1808647]
	at java.lang.Thread.run(Thread.java:745) [?:1.8.0_121]
2018-01-22 15:51:56,801 ERROR k.a.j.t.VariableThroughputTimer: Waiting thread was interrupted
java.lang.InterruptedException: null
	at java.lang.Object.wait(Native Method) ~[?:1.8.0_121]
	at kg.apc.jmeter.timers.VariableThroughputTimer.delay(VariableThroughputTimer.java:78) [jmeter-plugins-tst-2.1.jar:?]
	at org.apache.jmeter.threads.JMeterThread.delay(JMeterThread.java:851) [ApacheJMeter_core.jar:3.3 r1808647]
	at org.apache.jmeter.threads.JMeterThread.executeSamplePackage(JMeterThread.java:480) [ApacheJMeter_core.jar:3.3 r1808647]
	at org.apache.jmeter.threads.JMeterThread.processSampler(JMeterThread.java:424) [ApacheJMeter_core.jar:3.3 r1808647]
	at org.apache.jmeter.threads.JMeterThread.run(JMeterThread.java:255) [ApacheJMeter_core.jar:3.3 r1808647]
	at java.lang.Thread.run(Thread.java:745) [?:1.8.0_121]
2018-01-22 15:51:58,182 INFO o.a.j.t.JMeterThread: Thread finished: Thread Group 1-10
2018-01-22 15:51:58,182 INFO o.a.j.t.JMeterThread: Thread finished: Thread Group 1-16
2018-01-22 15:51:58,182 INFO o.a.j.t.JMeterThread: Thread finished: Thread Group 1-14
2018-01-22 15:51:59,294 INFO o.a.j.t.JMeterThread: Thread finished: Thread Group 1-17
2018-01-22 15:51:59,294 INFO o.a.j.t.JMeterThread: Thread finished: Thread Group 1-8
2018-01-22 15:51:59,294 INFO o.a.j.t.JMeterThread: Thread finished: Thread Group 1-5
2018-01-22 15:51:59,294 INFO o.a.j.t.JMeterThread: Thread finished: Thread Group 1-6
2018-01-22 15:52:00,060 INFO o.a.j.t.JMeterThread: Thread finished: Thread Group 1-12
2018-01-22 15:52:00,735 INFO o.a.j.t.JMeterThread: Thread finished: Thread Group 1-7
2018-01-22 15:52:00,735 INFO o.a.j.t.JMeterThread: Thread finished: Thread Group 1-18
2018-01-22 15:52:00,735 INFO o.a.j.t.JMeterThread: Thread finished: Thread Group 1-1
2018-01-22 15:52:00,736 INFO o.a.j.t.JMeterThread: Thread finished: Thread Group 1-2
2018-01-22 15:52:00,736 INFO o.a.j.t.JMeterThread: Thread finished: Thread Group 1-9
2018-01-22 15:52:00,736 INFO o.a.j.t.JMeterThread: Thread finished: Thread Group 1-20
2018-01-22 15:52:00,735 INFO o.a.j.t.JMeterThread: Thread finished: Thread Group 1-19
2018-01-22 15:52:00,737 INFO o.a.j.t.JMeterThread: Thread finished: Thread Group 1-11
2018-01-22 15:52:00,738 INFO o.a.j.e.StandardJMeterEngine: Notifying test listeners of end of test
2018-01-22 15:52:00,741 INFO o.a.j.g.u.JMeterMenuBar: setRunning(false, *local*)
2018-01-22 15:52:45,584 INFO o.a.j.e.StandardJMeterEngine: Running the test!
2018-01-22 15:52:45,587 INFO o.a.j.s.SampleEvent: List of sample_variables: []
2018-01-22 15:52:45,590 INFO o.a.j.g.u.JMeterMenuBar: setRunning(true, *local*)
2018-01-22 15:52:45,757 INFO o.a.j.e.StandardJMeterEngine: Starting ThreadGroup: 1 : Thread Group
2018-01-22 15:52:45,758 INFO o.a.j.e.StandardJMeterEngine: Starting 20 threads for group Thread Group.
2018-01-22 15:52:45,758 INFO o.a.j.e.StandardJMeterEngine: Thread will continue on error
2018-01-22 15:52:45,759 INFO o.a.j.t.ThreadGroup: Starting thread group... number=1 threads=20 ramp-up=1 perThread=50.0 delayedStart=false
2018-01-22 15:52:45,762 INFO o.a.j.t.JMeterThread: Thread started: Thread Group 1-1
2018-01-22 15:52:45,765 WARN k.a.j.t.VariableThroughputTimer: No free threads left in worker pool, made  0/5.0 samples
2018-01-22 15:52:45,773 INFO o.a.j.t.ThreadGroup: Started thread group number 1
2018-01-22 15:52:45,773 INFO o.a.j.e.StandardJMeterEngine: All thread groups have been started
2018-01-22 15:52:45,815 INFO o.a.j.t.JMeterThread: Thread started: Thread Group 1-2
2018-01-22 15:52:45,868 INFO o.a.j.t.JMeterThread: Thread started: Thread Group 1-3
2018-01-22 15:52:45,920 INFO o.a.j.t.JMeterThread: Thread started: Thread Group 1-4
2018-01-22 15:52:45,970 INFO o.a.j.t.JMeterThread: Thread started: Thread Group 1-5
2018-01-22 15:52:46,020 INFO o.a.j.t.JMeterThread: Thread started: Thread Group 1-6
2018-01-22 15:52:46,068 INFO o.a.j.t.JMeterThread: Thread started: Thread Group 1-7
2018-01-22 15:52:46,119 INFO o.a.j.t.JMeterThread: Thread started: Thread Group 1-8
2018-01-22 15:52:46,169 INFO o.a.j.t.JMeterThread: Thread started: Thread Group 1-9
2018-01-22 15:52:46,219 INFO o.a.j.t.JMeterThread: Thread started: Thread Group 1-10
2018-01-22 15:52:46,270 INFO o.a.j.t.JMeterThread: Thread started: Thread Group 1-11
2018-01-22 15:52:46,323 INFO o.a.j.t.JMeterThread: Thread started: Thread Group 1-12
2018-01-22 15:52:46,373 INFO o.a.j.t.JMeterThread: Thread started: Thread Group 1-13
2018-01-22 15:52:46,423 INFO o.a.j.t.JMeterThread: Thread started: Thread Group 1-14
2018-01-22 15:52:46,473 INFO o.a.j.t.JMeterThread: Thread started: Thread Group 1-15
2018-01-22 15:52:46,525 INFO o.a.j.t.JMeterThread: Thread started: Thread Group 1-16
2018-01-22 15:52:46,574 INFO o.a.j.t.JMeterThread: Thread started: Thread Group 1-17
2018-01-22 15:52:46,623 INFO o.a.j.t.JMeterThread: Thread started: Thread Group 1-18
2018-01-22 15:52:46,676 INFO o.a.j.t.JMeterThread: Thread started: Thread Group 1-19
2018-01-22 15:52:46,725 INFO o.a.j.t.JMeterThread: Thread started: Thread Group 1-20
2018-01-22 15:58:06,392 INFO o.a.j.g.a.Start: Stopping test
2018-01-22 15:58:06,406 INFO o.a.j.t.JMeterThread: Stopping: Thread Group 1-11
2018-01-22 15:58:06,406 INFO o.a.j.t.JMeterThread: Stopping: Thread Group 1-15
2018-01-22 15:58:06,406 INFO o.a.j.t.JMeterThread: Stopping: Thread Group 1-5
2018-01-22 15:58:06,406 ERROR k.a.j.t.VariableThroughputTimer: Waiting thread was interrupted
java.lang.InterruptedException: null
	at java.lang.Object.wait(Native Method) ~[?:1.8.0_121]
	at kg.apc.jmeter.timers.VariableThroughputTimer.delay(VariableThroughputTimer.java:78) [jmeter-plugins-tst-2.1.jar:?]
	at org.apache.jmeter.threads.JMeterThread.delay(JMeterThread.java:851) [ApacheJMeter_core.jar:3.3 r1808647]
	at org.apache.jmeter.threads.JMeterThread.executeSamplePackage(JMeterThread.java:480) [ApacheJMeter_core.jar:3.3 r1808647]
	at org.apache.jmeter.threads.JMeterThread.processSampler(JMeterThread.java:424) [ApacheJMeter_core.jar:3.3 r1808647]
	at org.apache.jmeter.threads.JMeterThread.run(JMeterThread.java:255) [ApacheJMeter_core.jar:3.3 r1808647]
	at java.lang.Thread.run(Thread.java:745) [?:1.8.0_121]
2018-01-22 15:58:06,407 INFO o.a.j.t.JMeterThread: Stopping: Thread Group 1-17
2018-01-22 15:58:06,407 INFO o.a.j.t.JMeterThread: Thread finished: Thread Group 1-11
2018-01-22 15:58:06,407 INFO o.a.j.t.JMeterThread: Stopping: Thread Group 1-10
2018-01-22 15:58:06,407 ERROR k.a.j.t.VariableThroughputTimer: Waiting thread was interrupted
java.lang.InterruptedException: null
	at java.lang.Object.wait(Native Method) ~[?:1.8.0_121]
	at kg.apc.jmeter.timers.VariableThroughputTimer.delay(VariableThroughputTimer.java:78) [jmeter-plugins-tst-2.1.jar:?]
	at org.apache.jmeter.threads.JMeterThread.delay(JMeterThread.java:851) [ApacheJMeter_core.jar:3.3 r1808647]
	at org.apache.jmeter.threads.JMeterThread.executeSamplePackage(JMeterThread.java:480) [ApacheJMeter_core.jar:3.3 r1808647]
	at org.apache.jmeter.threads.JMeterThread.processSampler(JMeterThread.java:424) [ApacheJMeter_core.jar:3.3 r1808647]
	at org.apache.jmeter.threads.JMeterThread.run(JMeterThread.java:255) [ApacheJMeter_core.jar:3.3 r1808647]
	at java.lang.Thread.run(Thread.java:745) [?:1.8.0_121]
2018-01-22 15:58:06,407 INFO o.a.j.t.JMeterThread: Stopping: Thread Group 1-18
2018-01-22 15:58:06,407 INFO o.a.j.t.JMeterThread: Stopping: Thread Group 1-6
2018-01-22 15:58:06,408 INFO o.a.j.t.JMeterThread: Stopping: Thread Group 1-9
2018-01-22 15:58:06,408 INFO o.a.j.t.JMeterThread: Stopping: Thread Group 1-14
2018-01-22 15:58:06,407 ERROR k.a.j.t.VariableThroughputTimer: Waiting thread was interrupted
java.lang.InterruptedException: null
	at java.lang.Object.wait(Native Method) ~[?:1.8.0_121]
	at kg.apc.jmeter.timers.VariableThroughputTimer.delay(VariableThroughputTimer.java:78) [jmeter-plugins-tst-2.1.jar:?]
	at org.apache.jmeter.threads.JMeterThread.delay(JMeterThread.java:851) [ApacheJMeter_core.jar:3.3 r1808647]
	at org.apache.jmeter.threads.JMeterThread.executeSamplePackage(JMeterThread.java:480) [ApacheJMeter_core.jar:3.3 r1808647]
	at org.apache.jmeter.threads.JMeterThread.processSampler(JMeterThread.java:424) [ApacheJMeter_core.jar:3.3 r1808647]
	at org.apache.jmeter.threads.JMeterThread.run(JMeterThread.java:255) [ApacheJMeter_core.jar:3.3 r1808647]
	at java.lang.Thread.run(Thread.java:745) [?:1.8.0_121]
2018-01-22 15:58:06,408 INFO o.a.j.t.JMeterThread: Stopping: Thread Group 1-20
2018-01-22 15:58:06,408 INFO o.a.j.t.JMeterThread: Stopping: Thread Group 1-19
2018-01-22 15:58:06,408 INFO o.a.j.t.JMeterThread: Stopping: Thread Group 1-3
2018-01-22 15:58:06,408 INFO o.a.j.t.JMeterThread: Stopping: Thread Group 1-4
2018-01-22 15:58:06,408 ERROR k.a.j.t.VariableThroughputTimer: Waiting thread was interrupted
java.lang.InterruptedException: null
	at java.lang.Object.wait(Native Method) ~[?:1.8.0_121]
	at kg.apc.jmeter.timers.VariableThroughputTimer.delay(VariableThroughputTimer.java:78) [jmeter-plugins-tst-2.1.jar:?]
	at org.apache.jmeter.threads.JMeterThread.delay(JMeterThread.java:851) [ApacheJMeter_core.jar:3.3 r1808647]
	at org.apache.jmeter.threads.JMeterThread.executeSamplePackage(JMeterThread.java:480) [ApacheJMeter_core.jar:3.3 r1808647]
	at org.apache.jmeter.threads.JMeterThread.processSampler(JMeterThread.java:424) [ApacheJMeter_core.jar:3.3 r1808647]
	at org.apache.jmeter.threads.JMeterThread.run(JMeterThread.java:255) [ApacheJMeter_core.jar:3.3 r1808647]
	at java.lang.Thread.run(Thread.java:745) [?:1.8.0_121]
2018-01-22 15:58:06,408 INFO o.a.j.t.JMeterThread: Stopping: Thread Group 1-2
2018-01-22 15:58:06,408 INFO o.a.j.t.JMeterThread: Stopping: Thread Group 1-8
2018-01-22 15:58:06,408 INFO o.a.j.t.JMeterThread: Stopping: Thread Group 1-1
2018-01-22 15:58:06,408 ERROR k.a.j.t.VariableThroughputTimer: Waiting thread was interrupted
java.lang.InterruptedException: null
	at java.lang.Object.wait(Native Method) ~[?:1.8.0_121]
	at kg.apc.jmeter.timers.VariableThroughputTimer.delay(VariableThroughputTimer.java:78) [jmeter-plugins-tst-2.1.jar:?]
	at org.apache.jmeter.threads.JMeterThread.delay(JMeterThread.java:851) [ApacheJMeter_core.jar:3.3 r1808647]
	at org.apache.jmeter.threads.JMeterThread.executeSamplePackage(JMeterThread.java:480) [ApacheJMeter_core.jar:3.3 r1808647]
	at org.apache.jmeter.threads.JMeterThread.processSampler(JMeterThread.java:424) [ApacheJMeter_core.jar:3.3 r1808647]
	at org.apache.jmeter.threads.JMeterThread.run(JMeterThread.java:255) [ApacheJMeter_core.jar:3.3 r1808647]
	at java.lang.Thread.run(Thread.java:745) [?:1.8.0_121]
2018-01-22 15:58:06,408 INFO o.a.j.t.JMeterThread: Stopping: Thread Group 1-12
2018-01-22 15:58:06,409 INFO o.a.j.t.JMeterThread: Stopping: Thread Group 1-7
2018-01-22 15:58:06,409 INFO o.a.j.t.JMeterThread: Stopping: Thread Group 1-13
2018-01-22 15:58:06,409 INFO o.a.j.t.JMeterThread: Stopping: Thread Group 1-16
2018-01-22 15:58:06,409 ERROR k.a.j.t.VariableThroughputTimer: Waiting thread was interrupted
java.lang.InterruptedException: null
	at java.lang.Object.wait(Native Method) ~[?:1.8.0_121]
	at kg.apc.jmeter.timers.VariableThroughputTimer.delay(VariableThroughputTimer.java:78) [jmeter-plugins-tst-2.1.jar:?]
	at org.apache.jmeter.threads.JMeterThread.delay(JMeterThread.java:851) [ApacheJMeter_core.jar:3.3 r1808647]
	at org.apache.jmeter.threads.JMeterThread.executeSamplePackage(JMeterThread.java:480) [ApacheJMeter_core.jar:3.3 r1808647]
	at org.apache.jmeter.threads.JMeterThread.processSampler(JMeterThread.java:424) [ApacheJMeter_core.jar:3.3 r1808647]
	at org.apache.jmeter.threads.JMeterThread.run(JMeterThread.java:255) [ApacheJMeter_core.jar:3.3 r1808647]
	at java.lang.Thread.run(Thread.java:745) [?:1.8.0_121]
2018-01-22 15:58:06,409 ERROR k.a.j.t.VariableThroughputTimer: Waiting thread was interrupted
java.lang.InterruptedException: null
	at java.lang.Object.wait(Native Method) ~[?:1.8.0_121]
	at kg.apc.jmeter.timers.VariableThroughputTimer.delay(VariableThroughputTimer.java:78) [jmeter-plugins-tst-2.1.jar:?]
	at org.apache.jmeter.threads.JMeterThread.delay(JMeterThread.java:851) [ApacheJMeter_core.jar:3.3 r1808647]
	at org.apache.jmeter.threads.JMeterThread.executeSamplePackage(JMeterThread.java:480) [ApacheJMeter_core.jar:3.3 r1808647]
	at org.apache.jmeter.threads.JMeterThread.processSampler(JMeterThread.java:424) [ApacheJMeter_core.jar:3.3 r1808647]
	at org.apache.jmeter.threads.JMeterThread.run(JMeterThread.java:255) [ApacheJMeter_core.jar:3.3 r1808647]
	at java.lang.Thread.run(Thread.java:745) [?:1.8.0_121]
2018-01-22 15:58:06,409 ERROR k.a.j.t.VariableThroughputTimer: Waiting thread was interrupted
java.lang.InterruptedException: null
	at java.lang.Object.wait(Native Method) ~[?:1.8.0_121]
	at kg.apc.jmeter.timers.VariableThroughputTimer.delay(VariableThroughputTimer.java:78) [jmeter-plugins-tst-2.1.jar:?]
	at org.apache.jmeter.threads.JMeterThread.delay(JMeterThread.java:851) [ApacheJMeter_core.jar:3.3 r1808647]
	at org.apache.jmeter.threads.JMeterThread.executeSamplePackage(JMeterThread.java:480) [ApacheJMeter_core.jar:3.3 r1808647]
	at org.apache.jmeter.threads.JMeterThread.processSampler(JMeterThread.java:424) [ApacheJMeter_core.jar:3.3 r1808647]
	at org.apache.jmeter.threads.JMeterThread.run(JMeterThread.java:255) [ApacheJMeter_core.jar:3.3 r1808647]
	at java.lang.Thread.run(Thread.java:745) [?:1.8.0_121]
2018-01-22 15:58:06,410 ERROR k.a.j.t.VariableThroughputTimer: Waiting thread was interrupted
java.lang.InterruptedException: null
	at java.lang.Object.wait(Native Method) ~[?:1.8.0_121]
	at kg.apc.jmeter.timers.VariableThroughputTimer.delay(VariableThroughputTimer.java:78) [jmeter-plugins-tst-2.1.jar:?]
	at org.apache.jmeter.threads.JMeterThread.delay(JMeterThread.java:851) [ApacheJMeter_core.jar:3.3 r1808647]
	at org.apache.jmeter.threads.JMeterThread.executeSamplePackage(JMeterThread.java:480) [ApacheJMeter_core.jar:3.3 r1808647]
	at org.apache.jmeter.threads.JMeterThread.processSampler(JMeterThread.java:424) [ApacheJMeter_core.jar:3.3 r1808647]
	at org.apache.jmeter.threads.JMeterThread.run(JMeterThread.java:255) [ApacheJMeter_core.jar:3.3 r1808647]
	at java.lang.Thread.run(Thread.java:745) [?:1.8.0_121]
2018-01-22 15:58:06,411 ERROR k.a.j.t.VariableThroughputTimer: Waiting thread was interrupted
java.lang.InterruptedException: null
	at java.lang.Object.wait(Native Method) ~[?:1.8.0_121]
	at kg.apc.jmeter.timers.VariableThroughputTimer.delay(VariableThroughputTimer.java:78) [jmeter-plugins-tst-2.1.jar:?]
	at org.apache.jmeter.threads.JMeterThread.delay(JMeterThread.java:851) [ApacheJMeter_core.jar:3.3 r1808647]
	at org.apache.jmeter.threads.JMeterThread.executeSamplePackage(JMeterThread.java:480) [ApacheJMeter_core.jar:3.3 r1808647]
	at org.apache.jmeter.threads.JMeterThread.processSampler(JMeterThread.java:424) [ApacheJMeter_core.jar:3.3 r1808647]
	at org.apache.jmeter.threads.JMeterThread.run(JMeterThread.java:255) [ApacheJMeter_core.jar:3.3 r1808647]
	at java.lang.Thread.run(Thread.java:745) [?:1.8.0_121]
2018-01-22 15:58:06,411 ERROR k.a.j.t.VariableThroughputTimer: Waiting thread was interrupted
java.lang.InterruptedException: null
	at java.lang.Object.wait(Native Method) ~[?:1.8.0_121]
	at kg.apc.jmeter.timers.VariableThroughputTimer.delay(VariableThroughputTimer.java:78) [jmeter-plugins-tst-2.1.jar:?]
	at org.apache.jmeter.threads.JMeterThread.delay(JMeterThread.java:851) [ApacheJMeter_core.jar:3.3 r1808647]
	at org.apache.jmeter.threads.JMeterThread.executeSamplePackage(JMeterThread.java:480) [ApacheJMeter_core.jar:3.3 r1808647]
	at org.apache.jmeter.threads.JMeterThread.processSampler(JMeterThread.java:424) [ApacheJMeter_core.jar:3.3 r1808647]
	at org.apache.jmeter.threads.JMeterThread.run(JMeterThread.java:255) [ApacheJMeter_core.jar:3.3 r1808647]
	at java.lang.Thread.run(Thread.java:745) [?:1.8.0_121]
2018-01-22 15:58:06,412 ERROR k.a.j.t.VariableThroughputTimer: Waiting thread was interrupted
java.lang.InterruptedException: null
	at java.lang.Object.wait(Native Method) ~[?:1.8.0_121]
	at kg.apc.jmeter.timers.VariableThroughputTimer.delay(VariableThroughputTimer.java:78) [jmeter-plugins-tst-2.1.jar:?]
	at org.apache.jmeter.threads.JMeterThread.delay(JMeterThread.java:851) [ApacheJMeter_core.jar:3.3 r1808647]
	at org.apache.jmeter.threads.JMeterThread.executeSamplePackage(JMeterThread.java:480) [ApacheJMeter_core.jar:3.3 r1808647]
	at org.apache.jmeter.threads.JMeterThread.processSampler(JMeterThread.java:424) [ApacheJMeter_core.jar:3.3 r1808647]
	at org.apache.jmeter.threads.JMeterThread.run(JMeterThread.java:255) [ApacheJMeter_core.jar:3.3 r1808647]
	at java.lang.Thread.run(Thread.java:745) [?:1.8.0_121]
2018-01-22 15:58:06,412 ERROR k.a.j.t.VariableThroughputTimer: Waiting thread was interrupted
java.lang.InterruptedException: null
	at java.lang.Object.wait(Native Method) ~[?:1.8.0_121]
	at kg.apc.jmeter.timers.VariableThroughputTimer.delay(VariableThroughputTimer.java:78) [jmeter-plugins-tst-2.1.jar:?]
	at org.apache.jmeter.threads.JMeterThread.delay(JMeterThread.java:851) [ApacheJMeter_core.jar:3.3 r1808647]
	at org.apache.jmeter.threads.JMeterThread.executeSamplePackage(JMeterThread.java:480) [ApacheJMeter_core.jar:3.3 r1808647]
	at org.apache.jmeter.threads.JMeterThread.processSampler(JMeterThread.java:424) [ApacheJMeter_core.jar:3.3 r1808647]
	at org.apache.jmeter.threads.JMeterThread.run(JMeterThread.java:255) [ApacheJMeter_core.jar:3.3 r1808647]
	at java.lang.Thread.run(Thread.java:745) [?:1.8.0_121]
2018-01-22 15:58:06,413 ERROR k.a.j.t.VariableThroughputTimer: Waiting thread was interrupted
java.lang.InterruptedException: null
	at java.lang.Object.wait(Native Method) ~[?:1.8.0_121]
	at kg.apc.jmeter.timers.VariableThroughputTimer.delay(VariableThroughputTimer.java:78) [jmeter-plugins-tst-2.1.jar:?]
	at org.apache.jmeter.threads.JMeterThread.delay(JMeterThread.java:851) [ApacheJMeter_core.jar:3.3 r1808647]
	at org.apache.jmeter.threads.JMeterThread.executeSamplePackage(JMeterThread.java:480) [ApacheJMeter_core.jar:3.3 r1808647]
	at org.apache.jmeter.threads.JMeterThread.processSampler(JMeterThread.java:424) [ApacheJMeter_core.jar:3.3 r1808647]
	at org.apache.jmeter.threads.JMeterThread.run(JMeterThread.java:255) [ApacheJMeter_core.jar:3.3 r1808647]
	at java.lang.Thread.run(Thread.java:745) [?:1.8.0_121]
2018-01-22 15:58:06,414 ERROR k.a.j.t.VariableThroughputTimer: Waiting thread was interrupted
java.lang.InterruptedException: null
	at java.lang.Object.wait(Native Method) ~[?:1.8.0_121]
	at kg.apc.jmeter.timers.VariableThroughputTimer.delay(VariableThroughputTimer.java:78) [jmeter-plugins-tst-2.1.jar:?]
	at org.apache.jmeter.threads.JMeterThread.delay(JMeterThread.java:851) [ApacheJMeter_core.jar:3.3 r1808647]
	at org.apache.jmeter.threads.JMeterThread.executeSamplePackage(JMeterThread.java:480) [ApacheJMeter_core.jar:3.3 r1808647]
	at org.apache.jmeter.threads.JMeterThread.processSampler(JMeterThread.java:424) [ApacheJMeter_core.jar:3.3 r1808647]
	at org.apache.jmeter.threads.JMeterThread.run(JMeterThread.java:255) [ApacheJMeter_core.jar:3.3 r1808647]
	at java.lang.Thread.run(Thread.java:745) [?:1.8.0_121]
2018-01-22 15:58:06,415 ERROR k.a.j.t.VariableThroughputTimer: Waiting thread was interrupted
java.lang.InterruptedException: null
	at java.lang.Object.wait(Native Method) ~[?:1.8.0_121]
	at kg.apc.jmeter.timers.VariableThroughputTimer.delay(VariableThroughputTimer.java:78) [jmeter-plugins-tst-2.1.jar:?]
	at org.apache.jmeter.threads.JMeterThread.delay(JMeterThread.java:851) [ApacheJMeter_core.jar:3.3 r1808647]
	at org.apache.jmeter.threads.JMeterThread.executeSamplePackage(JMeterThread.java:480) [ApacheJMeter_core.jar:3.3 r1808647]
	at org.apache.jmeter.threads.JMeterThread.processSampler(JMeterThread.java:424) [ApacheJMeter_core.jar:3.3 r1808647]
	at org.apache.jmeter.threads.JMeterThread.run(JMeterThread.java:255) [ApacheJMeter_core.jar:3.3 r1808647]
	at java.lang.Thread.run(Thread.java:745) [?:1.8.0_121]
2018-01-22 15:58:06,416 ERROR k.a.j.t.VariableThroughputTimer: Waiting thread was interrupted
java.lang.InterruptedException: null
	at java.lang.Object.wait(Native Method) ~[?:1.8.0_121]
	at kg.apc.jmeter.timers.VariableThroughputTimer.delay(VariableThroughputTimer.java:78) [jmeter-plugins-tst-2.1.jar:?]
	at org.apache.jmeter.threads.JMeterThread.delay(JMeterThread.java:851) [ApacheJMeter_core.jar:3.3 r1808647]
	at org.apache.jmeter.threads.JMeterThread.executeSamplePackage(JMeterThread.java:480) [ApacheJMeter_core.jar:3.3 r1808647]
	at org.apache.jmeter.threads.JMeterThread.processSampler(JMeterThread.java:424) [ApacheJMeter_core.jar:3.3 r1808647]
	at org.apache.jmeter.threads.JMeterThread.run(JMeterThread.java:255) [ApacheJMeter_core.jar:3.3 r1808647]
	at java.lang.Thread.run(Thread.java:745) [?:1.8.0_121]
2018-01-22 15:58:06,417 ERROR k.a.j.t.VariableThroughputTimer: Waiting thread was interrupted
java.lang.InterruptedException: null
	at java.lang.Object.wait(Native Method) ~[?:1.8.0_121]
	at kg.apc.jmeter.timers.VariableThroughputTimer.delay(VariableThroughputTimer.java:78) [jmeter-plugins-tst-2.1.jar:?]
	at org.apache.jmeter.threads.JMeterThread.delay(JMeterThread.java:851) [ApacheJMeter_core.jar:3.3 r1808647]
	at org.apache.jmeter.threads.JMeterThread.executeSamplePackage(JMeterThread.java:480) [ApacheJMeter_core.jar:3.3 r1808647]
	at org.apache.jmeter.threads.JMeterThread.processSampler(JMeterThread.java:424) [ApacheJMeter_core.jar:3.3 r1808647]
	at org.apache.jmeter.threads.JMeterThread.run(JMeterThread.java:255) [ApacheJMeter_core.jar:3.3 r1808647]
	at java.lang.Thread.run(Thread.java:745) [?:1.8.0_121]
2018-01-22 15:58:06,418 ERROR k.a.j.t.VariableThroughputTimer: Waiting thread was interrupted
java.lang.InterruptedException: null
	at java.lang.Object.wait(Native Method) ~[?:1.8.0_121]
	at kg.apc.jmeter.timers.VariableThroughputTimer.delay(VariableThroughputTimer.java:78) [jmeter-plugins-tst-2.1.jar:?]
	at org.apache.jmeter.threads.JMeterThread.delay(JMeterThread.java:851) [ApacheJMeter_core.jar:3.3 r1808647]
	at org.apache.jmeter.threads.JMeterThread.executeSamplePackage(JMeterThread.java:480) [ApacheJMeter_core.jar:3.3 r1808647]
	at org.apache.jmeter.threads.JMeterThread.processSampler(JMeterThread.java:424) [ApacheJMeter_core.jar:3.3 r1808647]
	at org.apache.jmeter.threads.JMeterThread.run(JMeterThread.java:255) [ApacheJMeter_core.jar:3.3 r1808647]
	at java.lang.Thread.run(Thread.java:745) [?:1.8.0_121]
2018-01-22 15:58:06,418 ERROR k.a.j.t.VariableThroughputTimer: Waiting thread was interrupted
java.lang.InterruptedException: null
	at java.lang.Object.wait(Native Method) ~[?:1.8.0_121]
	at kg.apc.jmeter.timers.VariableThroughputTimer.delay(VariableThroughputTimer.java:78) [jmeter-plugins-tst-2.1.jar:?]
	at org.apache.jmeter.threads.JMeterThread.delay(JMeterThread.java:851) [ApacheJMeter_core.jar:3.3 r1808647]
	at org.apache.jmeter.threads.JMeterThread.executeSamplePackage(JMeterThread.java:480) [ApacheJMeter_core.jar:3.3 r1808647]
	at org.apache.jmeter.threads.JMeterThread.processSampler(JMeterThread.java:424) [ApacheJMeter_core.jar:3.3 r1808647]
	at org.apache.jmeter.threads.JMeterThread.run(JMeterThread.java:255) [ApacheJMeter_core.jar:3.3 r1808647]
	at java.lang.Thread.run(Thread.java:745) [?:1.8.0_121]
2018-01-22 15:58:08,717 INFO o.a.j.t.JMeterThread: Thread finished: Thread Group 1-6
2018-01-22 15:58:08,717 INFO o.a.j.t.JMeterThread: Thread finished: Thread Group 1-17
2018-01-22 15:58:08,717 INFO o.a.j.t.JMeterThread: Thread finished: Thread Group 1-9
2018-01-22 15:58:08,717 INFO o.a.j.t.JMeterThread: Thread finished: Thread Group 1-13
2018-01-22 15:58:08,717 INFO o.a.j.t.JMeterThread: Thread finished: Thread Group 1-15
2018-01-22 15:58:08,717 INFO o.a.j.t.JMeterThread: Thread finished: Thread Group 1-18
2018-01-22 15:58:10,327 INFO o.a.j.t.JMeterThread: Thread finished: Thread Group 1-5
2018-01-22 15:58:10,327 INFO o.a.j.t.JMeterThread: Thread finished: Thread Group 1-7
2018-01-22 15:58:10,327 INFO o.a.j.t.JMeterThread: Thread finished: Thread Group 1-16
2018-01-22 15:58:11,592 INFO o.a.j.t.JMeterThread: Thread finished: Thread Group 1-12
2018-01-22 15:58:11,592 INFO o.a.j.t.JMeterThread: Thread finished: Thread Group 1-8
2018-01-22 15:58:11,592 INFO o.a.j.t.JMeterThread: Thread finished: Thread Group 1-2
2018-01-22 15:58:11,592 INFO o.a.j.t.JMeterThread: Thread finished: Thread Group 1-19
2018-01-22 15:58:11,592 INFO o.a.j.t.JMeterThread: Thread finished: Thread Group 1-10
2018-01-22 15:58:12,234 INFO o.a.j.t.JMeterThread: Thread finished: Thread Group 1-3
2018-01-22 15:58:12,234 INFO o.a.j.t.JMeterThread: Thread finished: Thread Group 1-1
2018-01-22 15:58:12,627 INFO o.a.j.t.JMeterThread: Thread finished: Thread Group 1-4
2018-01-22 15:58:12,627 INFO o.a.j.t.JMeterThread: Thread finished: Thread Group 1-14
2018-01-22 15:58:12,627 INFO o.a.j.t.JMeterThread: Thread finished: Thread Group 1-20
2018-01-22 15:58:12,627 INFO o.a.j.e.StandardJMeterEngine: Notifying test listeners of end of test
2018-01-22 15:58:12,628 INFO o.a.j.g.u.JMeterMenuBar: setRunning(false, *local*)
2018-01-22 16:00:10,363 INFO o.a.j.e.StandardJMeterEngine: Running the test!
2018-01-22 16:00:10,365 INFO o.a.j.s.SampleEvent: List of sample_variables: []
2018-01-22 16:00:10,367 INFO o.a.j.g.u.JMeterMenuBar: setRunning(true, *local*)
2018-01-22 16:00:10,535 INFO o.a.j.e.StandardJMeterEngine: Starting ThreadGroup: 1 : Thread Group
2018-01-22 16:00:10,535 INFO o.a.j.e.StandardJMeterEngine: Starting 20 threads for group Thread Group.
2018-01-22 16:00:10,535 INFO o.a.j.e.StandardJMeterEngine: Thread will continue on error
2018-01-22 16:00:10,535 INFO o.a.j.t.ThreadGroup: Starting thread group... number=1 threads=20 ramp-up=1 perThread=50.0 delayedStart=false
2018-01-22 16:00:10,537 INFO o.a.j.t.JMeterThread: Thread started: Thread Group 1-1
2018-01-22 16:00:10,538 WARN k.a.j.t.VariableThroughputTimer: No free threads left in worker pool, made  0/50.0 samples
2018-01-22 16:00:10,547 INFO o.a.j.t.ThreadGroup: Started thread group number 1
2018-01-22 16:00:10,547 INFO o.a.j.e.StandardJMeterEngine: All thread groups have been started
2018-01-22 16:00:10,591 INFO o.a.j.t.JMeterThread: Thread started: Thread Group 1-2
2018-01-22 16:00:10,641 INFO o.a.j.t.JMeterThread: Thread started: Thread Group 1-3
2018-01-22 16:00:10,691 INFO o.a.j.t.JMeterThread: Thread started: Thread Group 1-4
2018-01-22 16:00:10,745 INFO o.a.j.t.JMeterThread: Thread started: Thread Group 1-5
2018-01-22 16:00:10,796 INFO o.a.j.t.JMeterThread: Thread started: Thread Group 1-6
2018-01-22 16:00:10,843 INFO o.a.j.t.JMeterThread: Thread started: Thread Group 1-7
2018-01-22 16:00:10,896 INFO o.a.j.t.JMeterThread: Thread started: Thread Group 1-8
2018-01-22 16:00:10,948 INFO o.a.j.t.JMeterThread: Thread started: Thread Group 1-9
2018-01-22 16:00:10,996 INFO o.a.j.t.JMeterThread: Thread started: Thread Group 1-10
2018-01-22 16:00:11,046 INFO o.a.j.t.JMeterThread: Thread started: Thread Group 1-11
2018-01-22 16:00:11,098 INFO o.a.j.t.JMeterThread: Thread started: Thread Group 1-12
2018-01-22 16:00:11,146 INFO o.a.j.t.JMeterThread: Thread started: Thread Group 1-13
2018-01-22 16:00:11,197 INFO o.a.j.t.JMeterThread: Thread started: Thread Group 1-14
2018-01-22 16:00:11,249 INFO o.a.j.t.JMeterThread: Thread started: Thread Group 1-15
2018-01-22 16:00:11,299 INFO o.a.j.t.JMeterThread: Thread started: Thread Group 1-16
2018-01-22 16:00:11,351 INFO o.a.j.t.JMeterThread: Thread started: Thread Group 1-17
2018-01-22 16:00:11,401 INFO o.a.j.t.JMeterThread: Thread started: Thread Group 1-18
2018-01-22 16:00:11,450 INFO o.a.j.t.JMeterThread: Thread started: Thread Group 1-19
2018-01-22 16:00:11,503 INFO o.a.j.t.JMeterThread: Thread started: Thread Group 1-20
2018-01-22 16:01:41,001 WARN k.a.j.t.VariableThroughputTimer: No free threads left in worker pool, made  418/447.5 samples
2018-01-22 16:01:49,001 WARN k.a.j.t.VariableThroughputTimer: No free threads left in worker pool, made  452/494.1666666666667 samples
2018-01-22 16:01:55,000 WARN k.a.j.t.VariableThroughputTimer: No free threads left in worker pool, made  389/412.5 samples
2018-01-22 16:01:56,151 WARN k.a.j.t.VariableThroughputTimer: No free threads left in worker pool, made  410/395.0 samples
2018-01-22 16:02:01,000 WARN k.a.j.t.VariableThroughputTimer: No free threads left in worker pool, made  275/307.5 samples
2018-01-22 16:02:06,002 WARN k.a.j.t.VariableThroughputTimer: No free threads left in worker pool, made  199/220.0 samples
2018-01-22 16:02:17,001 WARN k.a.j.t.VariableThroughputTimer: No free threads left in worker pool, made  127/132.5 samples
2018-01-22 16:02:51,058 INFO k.a.j.t.VariableThroughputTimer: No further RPS schedule, asking threads to stop...
2018-01-22 16:02:51,060 INFO o.a.j.t.JMeterThread: Stopping: Thread Group 1-2
2018-01-22 16:02:51,061 INFO o.a.j.t.JMeterThread: Stopping: Thread Group 1-1
2018-01-22 16:02:51,061 INFO o.a.j.t.JMeterThread: Stopping: Thread Group 1-14
2018-01-22 16:02:51,061 INFO o.a.j.t.JMeterThread: Stopping: Thread Group 1-11
2018-01-22 16:02:51,061 INFO o.a.j.t.JMeterThread: Stopping: Thread Group 1-9
2018-01-22 16:02:51,061 INFO o.a.j.t.JMeterThread: Stopping: Thread Group 1-13
2018-01-22 16:02:51,061 INFO o.a.j.t.JMeterThread: Stopping: Thread Group 1-18
2018-01-22 16:02:51,061 INFO o.a.j.t.JMeterThread: Stopping: Thread Group 1-16
2018-01-22 16:02:51,061 INFO o.a.j.t.JMeterThread: Stopping: Thread Group 1-8
2018-01-22 16:02:51,061 INFO o.a.j.t.JMeterThread: Stopping: Thread Group 1-20
2018-01-22 16:02:51,061 INFO o.a.j.t.JMeterThread: Stopping: Thread Group 1-12
2018-01-22 16:02:51,061 INFO o.a.j.t.JMeterThread: Stopping: Thread Group 1-19
2018-01-22 16:02:51,061 INFO o.a.j.t.JMeterThread: Stopping: Thread Group 1-3
2018-01-22 16:02:51,062 INFO o.a.j.t.JMeterThread: Stopping: Thread Group 1-4
2018-01-22 16:02:51,062 INFO o.a.j.t.JMeterThread: Stopping: Thread Group 1-5
2018-01-22 16:02:51,062 INFO o.a.j.t.JMeterThread: Stopping: Thread Group 1-7
2018-01-22 16:02:51,062 INFO o.a.j.t.JMeterThread: Stopping: Thread Group 1-10
2018-01-22 16:02:51,062 INFO o.a.j.t.JMeterThread: Stopping: Thread Group 1-17
2018-01-22 16:02:51,062 INFO o.a.j.t.JMeterThread: Stopping: Thread Group 1-6
2018-01-22 16:02:51,062 INFO o.a.j.t.JMeterThread: Stopping: Thread Group 1-15
2018-01-22 16:02:51,064 INFO o.a.j.t.JMeterThread: Thread finished: Thread Group 1-20
2018-01-22 16:02:51,065 INFO o.a.j.t.JMeterThread: Thread finished: Thread Group 1-16
2018-01-22 16:02:51,067 INFO o.a.j.t.JMeterThread: Thread finished: Thread Group 1-19
2018-01-22 16:02:51,068 INFO o.a.j.t.JMeterThread: Thread finished: Thread Group 1-17
2018-01-22 16:02:51,080 INFO o.a.j.t.JMeterThread: Thread finished: Thread Group 1-5
2018-01-22 16:02:51,100 INFO o.a.j.t.JMeterThread: Thread finished: Thread Group 1-1
2018-01-22 16:02:51,120 INFO o.a.j.t.JMeterThread: Thread finished: Thread Group 1-12
2018-01-22 16:02:51,140 INFO o.a.j.t.JMeterThread: Thread finished: Thread Group 1-6
2018-01-22 16:02:51,160 INFO o.a.j.t.JMeterThread: Thread finished: Thread Group 1-2
2018-01-22 16:02:51,180 INFO o.a.j.t.JMeterThread: Thread finished: Thread Group 1-7
2018-01-22 16:02:51,200 INFO o.a.j.t.JMeterThread: Thread finished: Thread Group 1-3
2018-01-22 16:02:51,220 INFO o.a.j.t.JMeterThread: Thread finished: Thread Group 1-11
2018-01-22 16:02:51,240 INFO o.a.j.t.JMeterThread: Thread finished: Thread Group 1-9
2018-01-22 16:02:51,260 INFO o.a.j.t.JMeterThread: Thread finished: Thread Group 1-18
2018-01-22 16:02:51,280 INFO o.a.j.t.JMeterThread: Thread finished: Thread Group 1-15
2018-01-22 16:02:51,300 INFO o.a.j.t.JMeterThread: Thread finished: Thread Group 1-10
2018-01-22 16:02:51,320 INFO o.a.j.t.JMeterThread: Thread finished: Thread Group 1-8
2018-01-22 16:02:51,340 INFO o.a.j.t.JMeterThread: Thread finished: Thread Group 1-4
2018-01-22 16:02:51,360 INFO o.a.j.t.JMeterThread: Thread finished: Thread Group 1-14
2018-01-22 16:02:51,382 INFO o.a.j.t.JMeterThread: Thread finished: Thread Group 1-13
2018-01-22 16:02:51,383 INFO o.a.j.e.StandardJMeterEngine: Notifying test listeners of end of test
2018-01-22 16:02:51,383 INFO o.a.j.g.u.JMeterMenuBar: setRunning(false, *local*)
